IPv6 Address: fe80::1
IPv6 Address: fe80::bcd0:74ff:fe0c:9c5a
IPv4 Address: 192.168.100.200
IPv6 Address: fe80::8802:14ff:fe2e:ef49
IPv6 Address: fe80::8802:14ff:fe2e:ef49
IPv6 Address: fe80::8eaf:de0a:acec:af90
IPv6 Address: fe80::5e09:51d:8b8d:eed4
IPv6 Address: fe80::7fe7:e93b:d188:d2dc
IPv6 Address: fe80::ce81:b1c:bd2c:69e
IPv6 Address: fe80::7eb0:f2c3:727e:24f
IPv6 Address: fe80::10f6:8648:b438:1835
IPv6 Address: fe80::46c4:c1a7:216c:2ede
SIMP_PRODUCTION 
IPv6 Address: fe80::7eb0:f2c3:727e:24f
IPv6 Address: fe80::10f6:8648:b438:1835
IPv6 Address: fe80::46c4:c1a7:216c:2ede
SIMP_PRODUCTION 
IPv6 Address: fe80::1
IPv6 Address: fe80::bcd0:74ff:fe0c:9c5a
IPv4 Address: 192.168.100.200
IPv6 Address: fe80::20d7:6aff:fe80:cc38
IPv6 Address: fe80::20d7:6aff:fe80:cc38
IPv6 Address: fe80::8eaf:de0a:acec:af90
IPv6 Address: fe80::5e09:51d:8b8d:eed4
IPv6 Address: fe80::7fe7:e93b:d188:d2dc
IPv6 Address: fe80::ce81:b1c:bd2c:69e
IPv6 Address: fe80::7eb0:f2c3:727e:24f
IPv6 Address: fe80::10f6:8648:b438:1835
IPv6 Address: fe80::46c4:c1a7:216c:2ede
SIMP_PRODUCTION 
IPv6 Address: fe80::1
IPv6 Address: fe80::bcd0:74ff:fe0c:9c5a
IPv4 Address: 192.168.100.200
IPv6 Address: fe80::20d7:6aff:fe80:cc38
IPv6 Address: fe80::20d7:6aff:fe80:cc38
IPv6 Address: fe80::8eaf:de0a:acec:af90
IPv6 Address: fe80::5e09:51d:8b8d:eed4
IPv6 Address: fe80::7fe7:e93b:d188:d2dc
IPv6 Address: fe80::ce81:b1c:bd2c:69e
IPv6 Address: fe80::7eb0:f2c3:727e:24f
IPv6 Address: fe80::10f6:8648:b438:1835
IPv6 Address: fe80::46c4:c1a7:216c:2ede
SIMP_PRODUCTION 
IPv6 Address: fe80::1
IPv6 Address: fe80::bcd0:74ff:fe0c:9c5a
IPv4 Address: 192.168.100.200
IPv6 Address: fe80::20d7:6aff:fe80:cc38
IPv6 Address: fe80::20d7:6aff:fe80:cc38
IPv6 Address: fe80::8eaf:de0a:acec:af90
IPv6 Address: fe80::5e09:51d:8b8d:eed4
IPv6 Address: fe80::7fe7:e93b:d188:d2dc
IPv6 Address: fe80::ce81:b1c:bd2c:69e
IPv6 Address: fe80::7eb0:f2c3:727e:24f
IPv6 Address: fe80::10f6:8648:b438:1835
IPv6 Address: fe80::46c4:c1a7:216c:2ede
SIMP_PRODUCTION 
Exist  /Users/leemulus/GolandProjects/Sgrid/static/main/server_2024-04-08.log
