IPv6 Address: fe80::1
IPv6 Address: fe80::bcd0:74ff:fe0c:9c5a
IPv4 Address: 192.168.1.138
IPv6 Address: fe80::f434:24ff:fef5:2e56
IPv6 Address: fe80::f434:24ff:fef5:2e56
IPv6 Address: fe80::8eaf:de0a:acec:af90
IPv6 Address: fe80::5e09:51d:8b8d:eed4
IPv6 Address: fe80::7fe7:e93b:d188:d2dc
IPv6 Address: fe80::ce81:b1c:bd2c:69e
IPv6 Address: fe80::7eb0:f2c3:727e:24f
IPv6 Address: fe80::10f6:8648:b438:1835
IPv6 Address: fe80::46c4:c1a7:216c:2ede
SIMP_PRODUCTION 
IPv6 Address: fe80::1
IPv6 Address: fe80::bcd0:74ff:fe0c:9c5a
IPv4 Address: 192.168.1.138
IPv6 Address: fe80::835:b2ff:feea:ff16
IPv6 Address: fe80::835:b2ff:feea:ff16
IPv6 Address: fe80::8eaf:de0a:acec:af90
IPv6 Address: fe80::5e09:51d:8b8d:eed4
IPv6 Address: fe80::7fe7:e93b:d188:d2dc
IPv6 Address: fe80::ce81:b1c:bd2c:69e
IPv6 Address: fe80::7eb0:f2c3:727e:24f
IPv6 Address: fe80::10f6:8648:b438:1835
IPv6 Address: fe80::46c4:c1a7:216c:2ede
SIMP_PRODUCTION 
IPv6 Address: fe80::1
IPv6 Address: fe80::bcd0:74ff:fe0c:9c5a
IPv4 Address: 192.168.1.138
IPv6 Address: fe80::c024:3dff:fe84:df5f
IPv6 Address: fe80::c024:3dff:fe84:df5f
IPv6 Address: fe80::8eaf:de0a:acec:af90
IPv6 Address: fe80::5e09:51d:8b8d:eed4
IPv6 Address: fe80::7fe7:e93b:d188:d2dc
IPv6 Address: fe80::ce81:b1c:bd2c:69e
IPv6 Address: fe80::7eb0:f2c3:727e:24f
IPv6 Address: fe80::10f6:8648:b438:1835
IPv6 Address: fe80::46c4:c1a7:216c:2ede
SIMP_PRODUCTION 
IPv6 Address: fe80::1
IPv6 Address: fe80::bcd0:74ff:fe0c:9c5a
IPv4 Address: 192.168.1.138
IPv6 Address: fe80::c024:3dff:fe84:df5f
IPv6 Address: fe80::c024:3dff:fe84:df5f
IPv6 Address: fe80::8eaf:de0a:acec:af90
IPv6 Address: fe80::5e09:51d:8b8d:eed4
IPv6 Address: fe80::7fe7:e93b:d188:d2dc
IPv6 Address: fe80::ce81:b1c:bd2c:69e
IPv6 Address: fe80::7eb0:f2c3:727e:24f
IPv6 Address: fe80::10f6:8648:b438:1835
IPv6 Address: fe80::46c4:c1a7:216c:2ede
SIMP_PRODUCTION 
IPv6 Address: fe80::1
IPv6 Address: fe80::bcd0:74ff:fe0c:9c5a
IPv4 Address: 192.168.1.138
IPv6 Address: fe80::c83d:78ff:feee:fd1c
IPv6 Address: fe80::c83d:78ff:feee:fd1c
IPv6 Address: fe80::8eaf:de0a:acec:af90
IPv6 Address: fe80::5e09:51d:8b8d:eed4
IPv6 Address: fe80::7fe7:e93b:d188:d2dc
IPv6 Address: fe80::ce81:b1c:bd2c:69e
IPv6 Address: fe80::7eb0:f2c3:727e:24f
IPv6 Address: fe80::10f6:8648:b438:1835
IPv6 Address: fe80::46c4:c1a7:216c:2ede
SIMP_PRODUCTION 
IPv6 Address: fe80::1
IPv6 Address: fe80::bcd0:74ff:fe0c:9c5a
IPv4 Address: 192.168.1.138
IPv6 Address: fe80::c83d:78ff:feee:fd1c
IPv6 Address: fe80::c83d:78ff:feee:fd1c
IPv6 Address: fe80::8eaf:de0a:acec:af90
IPv6 Address: fe80::5e09:51d:8b8d:eed4
IPv6 Address: fe80::7fe7:e93b:d188:d2dc
IPv6 Address: fe80::ce81:b1c:bd2c:69e
IPv6 Address: fe80::7eb0:f2c3:727e:24f
IPv6 Address: fe80::10f6:8648:b438:1835
IPv6 Address: fe80::46c4:c1a7:216c:2ede
SIMP_PRODUCTION 
IPv6 Address: fe80::1
IPv6 Address: fe80::bcd0:74ff:fe0c:9c5a
IPv4 Address: 192.168.1.138
IPv6 Address: fe80::c83d:78ff:feee:fd1c
IPv6 Address: fe80::c83d:78ff:feee:fd1c
IPv6 Address: fe80::8eaf:de0a:acec:af90
IPv6 Address: fe80::5e09:51d:8b8d:eed4
IPv6 Address: fe80::7fe7:e93b:d188:d2dc
IPv6 Address: fe80::ce81:b1c:bd2c:69e
IPv6 Address: fe80::7eb0:f2c3:727e:24f
IPv6 Address: fe80::10f6:8648:b438:1835
IPv6 Address: fe80::46c4:c1a7:216c:2ede
SIMP_PRODUCTION 
IPv6 Address: fe80::1
IPv6 Address: fe80::bcd0:74ff:fe0c:9c5a
IPv4 Address: 192.168.1.138
IPv6 Address: fe80::c83d:78ff:feee:fd1c
IPv6 Address: fe80::c83d:78ff:feee:fd1c
IPv6 Address: fe80::8eaf:de0a:acec:af90
IPv6 Address: fe80::5e09:51d:8b8d:eed4
IPv6 Address: fe80::7fe7:e93b:d188:d2dc
IPv6 Address: fe80::ce81:b1c:bd2c:69e
IPv6 Address: fe80::7eb0:f2c3:727e:24f
IPv6 Address: fe80::10f6:8648:b438:1835
IPv6 Address: fe80::46c4:c1a7:216c:2ede
SIMP_PRODUCTION 
IPv6 Address: fe80::1
IPv6 Address: fe80::bcd0:74ff:fe0c:9c5a
IPv4 Address: 192.168.1.138
IPv6 Address: fe80::c83d:78ff:feee:fd1c
IPv6 Address: fe80::c83d:78ff:feee:fd1c
IPv6 Address: fe80::8eaf:de0a:acec:af90
IPv6 Address: fe80::5e09:51d:8b8d:eed4
IPv6 Address: fe80::7fe7:e93b:d188:d2dc
IPv6 Address: fe80::ce81:b1c:bd2c:69e
IPv6 Address: fe80::7eb0:f2c3:727e:24f
IPv6 Address: fe80::10f6:8648:b438:1835
IPv6 Address: fe80::46c4:c1a7:216c:2ede
SIMP_PRODUCTION 
IPv6 Address: fe80::1
IPv6 Address: fe80::bcd0:74ff:fe0c:9c5a
IPv4 Address: 192.168.1.138
IPv6 Address: fe80::c83d:78ff:feee:fd1c
IPv6 Address: fe80::c83d:78ff:feee:fd1c
IPv6 Address: fe80::8eaf:de0a:acec:af90
IPv6 Address: fe80::5e09:51d:8b8d:eed4
IPv6 Address: fe80::7fe7:e93b:d188:d2dc
IPv6 Address: fe80::ce81:b1c:bd2c:69e
IPv6 Address: fe80::7eb0:f2c3:727e:24f
IPv6 Address: fe80::10f6:8648:b438:1835
IPv6 Address: fe80::46c4:c1a7:216c:2ede
SIMP_PRODUCTION 
IPv6 Address: fe80::1
IPv6 Address: fe80::bcd0:74ff:fe0c:9c5a
IPv4 Address: 192.168.1.138
IPv6 Address: fe80::94c9:6eff:fe24:e3fd
IPv6 Address: fe80::94c9:6eff:fe24:e3fd
IPv6 Address: fe80::8eaf:de0a:acec:af90
IPv6 Address: fe80::5e09:51d:8b8d:eed4
IPv6 Address: fe80::7fe7:e93b:d188:d2dc
IPv6 Address: fe80::ce81:b1c:bd2c:69e
IPv6 Address: fe80::7eb0:f2c3:727e:24f
IPv6 Address: fe80::10f6:8648:b438:1835
IPv6 Address: fe80::46c4:c1a7:216c:2ede
SIMP_PRODUCTION 
IPv6 Address: fe80::1
IPv6 Address: fe80::bcd0:74ff:fe0c:9c5a
IPv4 Address: 192.168.1.138
IPv6 Address: fe80::94c9:6eff:fe24:e3fd
IPv6 Address: fe80::94c9:6eff:fe24:e3fd
IPv6 Address: fe80::8eaf:de0a:acec:af90
IPv6 Address: fe80::5e09:51d:8b8d:eed4
IPv6 Address: fe80::7fe7:e93b:d188:d2dc
IPv6 Address: fe80::ce81:b1c:bd2c:69e
IPv6 Address: fe80::7eb0:f2c3:727e:24f
IPv6 Address: fe80::10f6:8648:b438:1835
IPv6 Address: fe80::46c4:c1a7:216c:2ede
SIMP_PRODUCTION 
IPv6 Address: fe80::1
IPv6 Address: fe80::bcd0:74ff:fe0c:9c5a
IPv4 Address: 192.168.1.138
IPv6 Address: fe80::5cad:45ff:fe85:f194
IPv6 Address: fe80::5cad:45ff:fe85:f194
IPv6 Address: fe80::8eaf:de0a:acec:af90
IPv6 Address: fe80::5e09:51d:8b8d:eed4
IPv6 Address: fe80::7fe7:e93b:d188:d2dc
IPv6 Address: fe80::ce81:b1c:bd2c:69e
IPv6 Address: fe80::7eb0:f2c3:727e:24f
IPv6 Address: fe80::10f6:8648:b438:1835
IPv6 Address: fe80::46c4:c1a7:216c:2ede
SIMP_PRODUCTION 
IPv6 Address: fe80::1
IPv6 Address: fe80::bcd0:74ff:fe0c:9c5a
IPv4 Address: 192.168.1.138
IPv6 Address: fe80::5cad:45ff:fe85:f194
IPv6 Address: fe80::5cad:45ff:fe85:f194
IPv6 Address: fe80::8eaf:de0a:acec:af90
IPv6 Address: fe80::5e09:51d:8b8d:eed4
IPv6 Address: fe80::7fe7:e93b:d188:d2dc
IPv6 Address: fe80::ce81:b1c:bd2c:69e
IPv6 Address: fe80::7eb0:f2c3:727e:24f
IPv6 Address: fe80::10f6:8648:b438:1835
IPv6 Address: fe80::46c4:c1a7:216c:2ede
SIMP_PRODUCTION 
IPv6 Address: fe80::1
IPv6 Address: fe80::bcd0:74ff:fe0c:9c5a
IPv4 Address: 192.168.1.138
IPv6 Address: fe80::5cad:45ff:fe85:f194
IPv6 Address: fe80::5cad:45ff:fe85:f194
IPv6 Address: fe80::8eaf:de0a:acec:af90
IPv6 Address: fe80::5e09:51d:8b8d:eed4
IPv6 Address: fe80::7fe7:e93b:d188:d2dc
IPv6 Address: fe80::ce81:b1c:bd2c:69e
IPv6 Address: fe80::7eb0:f2c3:727e:24f
IPv6 Address: fe80::10f6:8648:b438:1835
IPv6 Address: fe80::46c4:c1a7:216c:2ede
SIMP_PRODUCTION 
IPv6 Address: fe80::1
IPv6 Address: fe80::bcd0:74ff:fe0c:9c5a
IPv4 Address: 192.168.1.138
IPv6 Address: fe80::403d:aff:fe49:c1d1
IPv6 Address: fe80::403d:aff:fe49:c1d1
IPv6 Address: fe80::8eaf:de0a:acec:af90
IPv6 Address: fe80::5e09:51d:8b8d:eed4
IPv6 Address: fe80::7fe7:e93b:d188:d2dc
IPv6 Address: fe80::ce81:b1c:bd2c:69e
IPv6 Address: fe80::7eb0:f2c3:727e:24f
IPv6 Address: fe80::10f6:8648:b438:1835
IPv6 Address: fe80::46c4:c1a7:216c:2ede
SIMP_PRODUCTION 
IPv6 Address: fe80::1
IPv6 Address: fe80::bcd0:74ff:fe0c:9c5a
IPv4 Address: 192.168.1.138
IPv6 Address: fe80::a826:9dff:fe0d:398f
IPv6 Address: fe80::a826:9dff:fe0d:398f
IPv6 Address: fe80::8eaf:de0a:acec:af90
IPv6 Address: fe80::5e09:51d:8b8d:eed4
IPv6 Address: fe80::7fe7:e93b:d188:d2dc
IPv6 Address: fe80::ce81:b1c:bd2c:69e
IPv6 Address: fe80::7eb0:f2c3:727e:24f
IPv6 Address: fe80::10f6:8648:b438:1835
IPv6 Address: fe80::46c4:c1a7:216c:2ede
SIMP_PRODUCTION 
IPv6 Address: fe80::1
IPv6 Address: fe80::bcd0:74ff:fe0c:9c5a
IPv4 Address: 192.168.1.138
IPv6 Address: fe80::a826:9dff:fe0d:398f
IPv6 Address: fe80::a826:9dff:fe0d:398f
IPv6 Address: fe80::8eaf:de0a:acec:af90
IPv6 Address: fe80::5e09:51d:8b8d:eed4
IPv6 Address: fe80::7fe7:e93b:d188:d2dc
IPv6 Address: fe80::ce81:b1c:bd2c:69e
IPv6 Address: fe80::7eb0:f2c3:727e:24f
IPv6 Address: fe80::10f6:8648:b438:1835
IPv6 Address: fe80::46c4:c1a7:216c:2ede
SIMP_PRODUCTION 
IPv6 Address: fe80::1
IPv6 Address: fe80::bcd0:74ff:fe0c:9c5a
IPv4 Address: 192.168.1.138
IPv6 Address: fe80::a826:9dff:fe0d:398f
IPv6 Address: fe80::a826:9dff:fe0d:398f
IPv6 Address: fe80::8eaf:de0a:acec:af90
IPv6 Address: fe80::5e09:51d:8b8d:eed4
IPv6 Address: fe80::7fe7:e93b:d188:d2dc
IPv6 Address: fe80::ce81:b1c:bd2c:69e
IPv6 Address: fe80::7eb0:f2c3:727e:24f
IPv6 Address: fe80::10f6:8648:b438:1835
IPv6 Address: fe80::46c4:c1a7:216c:2ede
SIMP_PRODUCTION 
IPv6 Address: fe80::1
IPv6 Address: fe80::bcd0:74ff:fe0c:9c5a
IPv4 Address: 192.168.1.138
IPv6 Address: fe80::a826:9dff:fe0d:398f
IPv6 Address: fe80::a826:9dff:fe0d:398f
IPv6 Address: fe80::8eaf:de0a:acec:af90
IPv6 Address: fe80::5e09:51d:8b8d:eed4
IPv6 Address: fe80::7fe7:e93b:d188:d2dc
IPv6 Address: fe80::ce81:b1c:bd2c:69e
IPv6 Address: fe80::7eb0:f2c3:727e:24f
IPv6 Address: fe80::10f6:8648:b438:1835
IPv6 Address: fe80::46c4:c1a7:216c:2ede
SIMP_PRODUCTION 
IPv6 Address: fe80::1
IPv6 Address: fe80::bcd0:74ff:fe0c:9c5a
IPv4 Address: 192.168.1.138
IPv6 Address: fe80::a826:9dff:fe0d:398f
IPv6 Address: fe80::a826:9dff:fe0d:398f
IPv6 Address: fe80::8eaf:de0a:acec:af90
IPv6 Address: fe80::5e09:51d:8b8d:eed4
IPv6 Address: fe80::7fe7:e93b:d188:d2dc
IPv6 Address: fe80::ce81:b1c:bd2c:69e
IPv6 Address: fe80::7eb0:f2c3:727e:24f
IPv6 Address: fe80::10f6:8648:b438:1835
IPv6 Address: fe80::46c4:c1a7:216c:2ede
SIMP_PRODUCTION 
IPv6 Address: fe80::1
IPv6 Address: fe80::bcd0:74ff:fe0c:9c5a
IPv4 Address: 192.168.1.138
IPv6 Address: fe80::a826:9dff:fe0d:398f
IPv6 Address: fe80::a826:9dff:fe0d:398f
IPv6 Address: fe80::8eaf:de0a:acec:af90
IPv6 Address: fe80::5e09:51d:8b8d:eed4
IPv6 Address: fe80::7fe7:e93b:d188:d2dc
IPv6 Address: fe80::ce81:b1c:bd2c:69e
IPv6 Address: fe80::7eb0:f2c3:727e:24f
IPv6 Address: fe80::10f6:8648:b438:1835
IPv6 Address: fe80::46c4:c1a7:216c:2ede
SIMP_PRODUCTION 
IPv6 Address: fe80::1
IPv6 Address: fe80::bcd0:74ff:fe0c:9c5a
IPv4 Address: 192.168.1.138
IPv6 Address: fe80::a826:9dff:fe0d:398f
IPv6 Address: fe80::a826:9dff:fe0d:398f
IPv6 Address: fe80::8eaf:de0a:acec:af90
IPv6 Address: fe80::5e09:51d:8b8d:eed4
IPv6 Address: fe80::7fe7:e93b:d188:d2dc
IPv6 Address: fe80::ce81:b1c:bd2c:69e
IPv6 Address: fe80::7eb0:f2c3:727e:24f
IPv6 Address: fe80::10f6:8648:b438:1835
IPv6 Address: fe80::46c4:c1a7:216c:2ede
SIMP_PRODUCTION 
IPv6 Address: fe80::1
IPv6 Address: fe80::bcd0:74ff:fe0c:9c5a
IPv4 Address: 192.168.1.138
IPv6 Address: fe80::a83b:4fff:fecf:f574
IPv6 Address: fe80::a83b:4fff:fecf:f574
IPv6 Address: fe80::8eaf:de0a:acec:af90
IPv6 Address: fe80::5e09:51d:8b8d:eed4
IPv6 Address: fe80::7fe7:e93b:d188:d2dc
IPv6 Address: fe80::ce81:b1c:bd2c:69e
IPv6 Address: fe80::7eb0:f2c3:727e:24f
IPv6 Address: fe80::10f6:8648:b438:1835
IPv6 Address: fe80::46c4:c1a7:216c:2ede
SIMP_PRODUCTION 
IPv6 Address: fe80::1
IPv6 Address: fe80::bcd0:74ff:fe0c:9c5a
IPv4 Address: 192.168.1.138
IPv6 Address: fe80::a83b:4fff:fecf:f574
IPv6 Address: fe80::a83b:4fff:fecf:f574
IPv6 Address: fe80::8eaf:de0a:acec:af90
IPv6 Address: fe80::5e09:51d:8b8d:eed4
IPv6 Address: fe80::7fe7:e93b:d188:d2dc
IPv6 Address: fe80::ce81:b1c:bd2c:69e
IPv6 Address: fe80::7eb0:f2c3:727e:24f
IPv6 Address: fe80::10f6:8648:b438:1835
IPv6 Address: fe80::46c4:c1a7:216c:2ede
SIMP_PRODUCTION 
IPv6 Address: fe80::1
IPv6 Address: fe80::bcd0:74ff:fe0c:9c5a
IPv4 Address: 192.168.1.138
IPv6 Address: fe80::a83b:4fff:fecf:f574
IPv6 Address: fe80::a83b:4fff:fecf:f574
IPv6 Address: fe80::8eaf:de0a:acec:af90
IPv6 Address: fe80::5e09:51d:8b8d:eed4
IPv6 Address: fe80::7fe7:e93b:d188:d2dc
IPv6 Address: fe80::ce81:b1c:bd2c:69e
IPv6 Address: fe80::7eb0:f2c3:727e:24f
IPv6 Address: fe80::10f6:8648:b438:1835
IPv6 Address: fe80::46c4:c1a7:216c:2ede
SIMP_PRODUCTION 
IPv6 Address: fe80::1
IPv6 Address: fe80::bcd0:74ff:fe0c:9c5a
IPv4 Address: 192.168.1.138
IPv6 Address: fe80::a83b:4fff:fecf:f574
IPv6 Address: fe80::a83b:4fff:fecf:f574
IPv6 Address: fe80::8eaf:de0a:acec:af90
IPv6 Address: fe80::5e09:51d:8b8d:eed4
IPv6 Address: fe80::7fe7:e93b:d188:d2dc
IPv6 Address: fe80::ce81:b1c:bd2c:69e
IPv6 Address: fe80::7eb0:f2c3:727e:24f
IPv6 Address: fe80::10f6:8648:b438:1835
IPv6 Address: fe80::46c4:c1a7:216c:2ede
SIMP_PRODUCTION 
IPv6 Address: fe80::1
IPv6 Address: fe80::bcd0:74ff:fe0c:9c5a
IPv4 Address: 192.168.1.138
IPv6 Address: fe80::a83b:4fff:fecf:f574
IPv6 Address: fe80::a83b:4fff:fecf:f574
IPv6 Address: fe80::8eaf:de0a:acec:af90
IPv6 Address: fe80::5e09:51d:8b8d:eed4
IPv6 Address: fe80::7fe7:e93b:d188:d2dc
IPv6 Address: fe80::ce81:b1c:bd2c:69e
IPv6 Address: fe80::7eb0:f2c3:727e:24f
IPv6 Address: fe80::10f6:8648:b438:1835
IPv6 Address: fe80::46c4:c1a7:216c:2ede
SIMP_PRODUCTION 
IPv6 Address: fe80::1
IPv6 Address: fe80::bcd0:74ff:fe0c:9c5a
IPv4 Address: 192.168.1.138
IPv6 Address: fe80::a83b:4fff:fecf:f574
IPv6 Address: fe80::a83b:4fff:fecf:f574
IPv6 Address: fe80::8eaf:de0a:acec:af90
IPv6 Address: fe80::5e09:51d:8b8d:eed4
IPv6 Address: fe80::7fe7:e93b:d188:d2dc
IPv6 Address: fe80::ce81:b1c:bd2c:69e
IPv6 Address: fe80::7eb0:f2c3:727e:24f
IPv6 Address: fe80::10f6:8648:b438:1835
IPv6 Address: fe80::46c4:c1a7:216c:2ede
SIMP_PRODUCTION 
IPv6 Address: fe80::1
IPv6 Address: fe80::bcd0:74ff:fe0c:9c5a
IPv4 Address: 192.168.1.138
IPv6 Address: fe80::a83b:4fff:fecf:f574
IPv6 Address: fe80::a83b:4fff:fecf:f574
IPv6 Address: fe80::8eaf:de0a:acec:af90
IPv6 Address: fe80::5e09:51d:8b8d:eed4
IPv6 Address: fe80::7fe7:e93b:d188:d2dc
IPv6 Address: fe80::ce81:b1c:bd2c:69e
IPv6 Address: fe80::7eb0:f2c3:727e:24f
IPv6 Address: fe80::10f6:8648:b438:1835
IPv6 Address: fe80::46c4:c1a7:216c:2ede
SIMP_PRODUCTION 
IPv6 Address: fe80::1
IPv6 Address: fe80::bcd0:74ff:fe0c:9c5a
IPv4 Address: 192.168.1.138
IPv6 Address: fe80::a83b:4fff:fecf:f574
IPv6 Address: fe80::a83b:4fff:fecf:f574
IPv6 Address: fe80::8eaf:de0a:acec:af90
IPv6 Address: fe80::5e09:51d:8b8d:eed4
IPv6 Address: fe80::7fe7:e93b:d188:d2dc
IPv6 Address: fe80::ce81:b1c:bd2c:69e
IPv6 Address: fe80::7eb0:f2c3:727e:24f
IPv6 Address: fe80::10f6:8648:b438:1835
IPv6 Address: fe80::46c4:c1a7:216c:2ede
SIMP_PRODUCTION 
IPv6 Address: fe80::1
IPv6 Address: fe80::bcd0:74ff:fe0c:9c5a
IPv4 Address: 192.168.1.138
IPv6 Address: fe80::a83b:4fff:fecf:f574
IPv6 Address: fe80::a83b:4fff:fecf:f574
IPv6 Address: fe80::8eaf:de0a:acec:af90
IPv6 Address: fe80::5e09:51d:8b8d:eed4
IPv6 Address: fe80::7fe7:e93b:d188:d2dc
IPv6 Address: fe80::ce81:b1c:bd2c:69e
IPv6 Address: fe80::7eb0:f2c3:727e:24f
IPv6 Address: fe80::10f6:8648:b438:1835
IPv6 Address: fe80::46c4:c1a7:216c:2ede
SIMP_PRODUCTION 
IPv6 Address: fe80::1
IPv6 Address: fe80::bcd0:74ff:fe0c:9c5a
IPv4 Address: 192.168.1.138
IPv6 Address: fe80::a83b:4fff:fecf:f574
IPv6 Address: fe80::a83b:4fff:fecf:f574
IPv6 Address: fe80::8eaf:de0a:acec:af90
IPv6 Address: fe80::5e09:51d:8b8d:eed4
IPv6 Address: fe80::7fe7:e93b:d188:d2dc
IPv6 Address: fe80::ce81:b1c:bd2c:69e
IPv6 Address: fe80::7eb0:f2c3:727e:24f
IPv6 Address: fe80::10f6:8648:b438:1835
IPv6 Address: fe80::46c4:c1a7:216c:2ede
SIMP_PRODUCTION 
IPv6 Address: fe80::1
IPv6 Address: fe80::bcd0:74ff:fe0c:9c5a
IPv4 Address: 192.168.1.138
IPv6 Address: fe80::a861:feff:fe62:4303
IPv6 Address: fe80::a861:feff:fe62:4303
IPv6 Address: fe80::8eaf:de0a:acec:af90
IPv6 Address: fe80::5e09:51d:8b8d:eed4
IPv6 Address: fe80::7fe7:e93b:d188:d2dc
IPv6 Address: fe80::ce81:b1c:bd2c:69e
IPv6 Address: fe80::7eb0:f2c3:727e:24f
IPv6 Address: fe80::10f6:8648:b438:1835
IPv6 Address: fe80::46c4:c1a7:216c:2ede
SIMP_PRODUCTION 
IPv6 Address: fe80::1
IPv6 Address: fe80::bcd0:74ff:fe0c:9c5a
IPv4 Address: 192.168.1.138
IPv6 Address: fe80::a861:feff:fe62:4303
IPv6 Address: fe80::a861:feff:fe62:4303
IPv6 Address: fe80::8eaf:de0a:acec:af90
IPv6 Address: fe80::5e09:51d:8b8d:eed4
IPv6 Address: fe80::7fe7:e93b:d188:d2dc
IPv6 Address: fe80::ce81:b1c:bd2c:69e
IPv6 Address: fe80::7eb0:f2c3:727e:24f
IPv6 Address: fe80::10f6:8648:b438:1835
IPv6 Address: fe80::46c4:c1a7:216c:2ede
SIMP_PRODUCTION 
IPv6 Address: fe80::1
IPv6 Address: fe80::bcd0:74ff:fe0c:9c5a
IPv4 Address: 192.168.1.138
IPv6 Address: fe80::a861:feff:fe62:4303
IPv6 Address: fe80::a861:feff:fe62:4303
IPv6 Address: fe80::8eaf:de0a:acec:af90
IPv6 Address: fe80::5e09:51d:8b8d:eed4
IPv6 Address: fe80::7fe7:e93b:d188:d2dc
IPv6 Address: fe80::ce81:b1c:bd2c:69e
IPv6 Address: fe80::7eb0:f2c3:727e:24f
IPv6 Address: fe80::10f6:8648:b438:1835
IPv6 Address: fe80::46c4:c1a7:216c:2ede
SIMP_PRODUCTION 
IPv6 Address: fe80::1
IPv6 Address: fe80::bcd0:74ff:fe0c:9c5a
IPv4 Address: 192.168.1.138
IPv6 Address: fe80::80ab:ffff:fe3b:a53b
IPv6 Address: fe80::80ab:ffff:fe3b:a53b
IPv6 Address: fe80::8eaf:de0a:acec:af90
IPv6 Address: fe80::5e09:51d:8b8d:eed4
IPv6 Address: fe80::7fe7:e93b:d188:d2dc
IPv6 Address: fe80::ce81:b1c:bd2c:69e
IPv6 Address: fe80::7eb0:f2c3:727e:24f
IPv6 Address: fe80::10f6:8648:b438:1835
IPv6 Address: fe80::46c4:c1a7:216c:2ede
SIMP_PRODUCTION 
IPv6 Address: fe80::1
IPv6 Address: fe80::bcd0:74ff:fe0c:9c5a
IPv4 Address: 192.168.1.138
IPv6 Address: fe80::80ab:ffff:fe3b:a53b
IPv6 Address: fe80::80ab:ffff:fe3b:a53b
IPv6 Address: fe80::8eaf:de0a:acec:af90
IPv6 Address: fe80::5e09:51d:8b8d:eed4
IPv6 Address: fe80::7fe7:e93b:d188:d2dc
IPv6 Address: fe80::ce81:b1c:bd2c:69e
IPv6 Address: fe80::7eb0:f2c3:727e:24f
IPv6 Address: fe80::10f6:8648:b438:1835
IPv6 Address: fe80::46c4:c1a7:216c:2ede
SIMP_PRODUCTION 
IPv6 Address: fe80::1
IPv6 Address: fe80::bcd0:74ff:fe0c:9c5a
IPv4 Address: 192.168.1.138
IPv6 Address: fe80::cc0e:2dff:fe39:3780
IPv6 Address: fe80::cc0e:2dff:fe39:3780
IPv6 Address: fe80::8eaf:de0a:acec:af90
IPv6 Address: fe80::5e09:51d:8b8d:eed4
IPv6 Address: fe80::7fe7:e93b:d188:d2dc
IPv6 Address: fe80::ce81:b1c:bd2c:69e
IPv6 Address: fe80::7eb0:f2c3:727e:24f
IPv6 Address: fe80::10f6:8648:b438:1835
IPv6 Address: fe80::46c4:c1a7:216c:2ede
SIMP_PRODUCTION 
IPv6 Address: fe80::1
IPv6 Address: fe80::bcd0:74ff:fe0c:9c5a
IPv4 Address: 192.168.1.138
IPv6 Address: fe80::cc0e:2dff:fe39:3780
IPv6 Address: fe80::cc0e:2dff:fe39:3780
IPv6 Address: fe80::8eaf:de0a:acec:af90
IPv6 Address: fe80::5e09:51d:8b8d:eed4
IPv6 Address: fe80::7fe7:e93b:d188:d2dc
IPv6 Address: fe80::ce81:b1c:bd2c:69e
IPv6 Address: fe80::7eb0:f2c3:727e:24f
IPv6 Address: fe80::10f6:8648:b438:1835
IPv6 Address: fe80::46c4:c1a7:216c:2ede
SIMP_PRODUCTION 
IPv6 Address: fe80::1
IPv6 Address: fe80::bcd0:74ff:fe0c:9c5a
IPv4 Address: 192.168.1.138
IPv6 Address: fe80::cc0e:2dff:fe39:3780
IPv6 Address: fe80::cc0e:2dff:fe39:3780
IPv6 Address: fe80::8eaf:de0a:acec:af90
IPv6 Address: fe80::5e09:51d:8b8d:eed4
IPv6 Address: fe80::7fe7:e93b:d188:d2dc
IPv6 Address: fe80::ce81:b1c:bd2c:69e
IPv6 Address: fe80::7eb0:f2c3:727e:24f
IPv6 Address: fe80::10f6:8648:b438:1835
IPv6 Address: fe80::46c4:c1a7:216c:2ede
SIMP_PRODUCTION 
IPv6 Address: fe80::1
IPv6 Address: fe80::bcd0:74ff:fe0c:9c5a
IPv4 Address: 192.168.1.138
IPv6 Address: fe80::cc0e:2dff:fe39:3780
IPv6 Address: fe80::cc0e:2dff:fe39:3780
IPv6 Address: fe80::8eaf:de0a:acec:af90
IPv6 Address: fe80::5e09:51d:8b8d:eed4
IPv6 Address: fe80::7fe7:e93b:d188:d2dc
IPv6 Address: fe80::ce81:b1c:bd2c:69e
IPv6 Address: fe80::7eb0:f2c3:727e:24f
IPv6 Address: fe80::10f6:8648:b438:1835
IPv6 Address: fe80::46c4:c1a7:216c:2ede
SIMP_PRODUCTION 
IPv6 Address: fe80::1
IPv6 Address: fe80::bcd0:74ff:fe0c:9c5a
IPv4 Address: 192.168.1.138
IPv6 Address: fe80::cc0e:2dff:fe39:3780
IPv6 Address: fe80::cc0e:2dff:fe39:3780
IPv6 Address: fe80::8eaf:de0a:acec:af90
IPv6 Address: fe80::5e09:51d:8b8d:eed4
IPv6 Address: fe80::7fe7:e93b:d188:d2dc
IPv6 Address: fe80::ce81:b1c:bd2c:69e
IPv6 Address: fe80::7eb0:f2c3:727e:24f
IPv6 Address: fe80::10f6:8648:b438:1835
IPv6 Address: fe80::46c4:c1a7:216c:2ede
SIMP_PRODUCTION 
IPv6 Address: fe80::1
IPv6 Address: fe80::bcd0:74ff:fe0c:9c5a
IPv4 Address: 192.168.1.138
IPv6 Address: fe80::cc0e:2dff:fe39:3780
IPv6 Address: fe80::cc0e:2dff:fe39:3780
IPv6 Address: fe80::8eaf:de0a:acec:af90
IPv6 Address: fe80::5e09:51d:8b8d:eed4
IPv6 Address: fe80::7fe7:e93b:d188:d2dc
IPv6 Address: fe80::ce81:b1c:bd2c:69e
IPv6 Address: fe80::7eb0:f2c3:727e:24f
IPv6 Address: fe80::10f6:8648:b438:1835
IPv6 Address: fe80::46c4:c1a7:216c:2ede
SIMP_PRODUCTION 
IPv6 Address: fe80::1
IPv6 Address: fe80::bcd0:74ff:fe0c:9c5a
IPv4 Address: 192.168.1.138
IPv6 Address: fe80::cc0e:2dff:fe39:3780
IPv6 Address: fe80::cc0e:2dff:fe39:3780
IPv6 Address: fe80::8eaf:de0a:acec:af90
IPv6 Address: fe80::5e09:51d:8b8d:eed4
IPv6 Address: fe80::7fe7:e93b:d188:d2dc
IPv6 Address: fe80::ce81:b1c:bd2c:69e
IPv6 Address: fe80::7eb0:f2c3:727e:24f
IPv6 Address: fe80::10f6:8648:b438:1835
IPv6 Address: fe80::46c4:c1a7:216c:2ede
SIMP_PRODUCTION 
IPv6 Address: fe80::1
IPv6 Address: fe80::bcd0:74ff:fe0c:9c5a
IPv4 Address: 192.168.1.138
IPv6 Address: fe80::58eb:6cff:fe8e:a408
IPv6 Address: fe80::58eb:6cff:fe8e:a408
IPv6 Address: fe80::8eaf:de0a:acec:af90
IPv6 Address: fe80::5e09:51d:8b8d:eed4
IPv6 Address: fe80::7fe7:e93b:d188:d2dc
IPv6 Address: fe80::ce81:b1c:bd2c:69e
IPv6 Address: fe80::7eb0:f2c3:727e:24f
IPv6 Address: fe80::10f6:8648:b438:1835
IPv6 Address: fe80::46c4:c1a7:216c:2ede
SIMP_PRODUCTION 
IPv6 Address: fe80::1
IPv6 Address: fe80::bcd0:74ff:fe0c:9c5a
IPv4 Address: 192.168.1.138
IPv6 Address: fe80::58eb:6cff:fe8e:a408
IPv6 Address: fe80::58eb:6cff:fe8e:a408
IPv6 Address: fe80::8eaf:de0a:acec:af90
IPv6 Address: fe80::5e09:51d:8b8d:eed4
IPv6 Address: fe80::7fe7:e93b:d188:d2dc
IPv6 Address: fe80::ce81:b1c:bd2c:69e
IPv6 Address: fe80::7eb0:f2c3:727e:24f
IPv6 Address: fe80::10f6:8648:b438:1835
IPv6 Address: fe80::46c4:c1a7:216c:2ede
SIMP_PRODUCTION 
IPv6 Address: fe80::1
IPv6 Address: fe80::bcd0:74ff:fe0c:9c5a
IPv4 Address: 192.168.1.138
IPv6 Address: fe80::a8dc:fbff:fe74:a856
IPv6 Address: fe80::a8dc:fbff:fe74:a856
IPv6 Address: fe80::8eaf:de0a:acec:af90
IPv6 Address: fe80::5e09:51d:8b8d:eed4
IPv6 Address: fe80::7fe7:e93b:d188:d2dc
IPv6 Address: fe80::ce81:b1c:bd2c:69e
IPv6 Address: fe80::7eb0:f2c3:727e:24f
IPv6 Address: fe80::10f6:8648:b438:1835
IPv6 Address: fe80::46c4:c1a7:216c:2ede
SIMP_PRODUCTION 
IPv6 Address: fe80::1
IPv6 Address: fe80::bcd0:74ff:fe0c:9c5a
IPv4 Address: 192.168.1.138
IPv6 Address: fe80::a8dc:fbff:fe74:a856
IPv6 Address: fe80::a8dc:fbff:fe74:a856
IPv6 Address: fe80::8eaf:de0a:acec:af90
IPv6 Address: fe80::5e09:51d:8b8d:eed4
IPv6 Address: fe80::7fe7:e93b:d188:d2dc
IPv6 Address: fe80::ce81:b1c:bd2c:69e
IPv6 Address: fe80::7eb0:f2c3:727e:24f
IPv6 Address: fe80::10f6:8648:b438:1835
IPv6 Address: fe80::46c4:c1a7:216c:2ede
SIMP_PRODUCTION 
IPv6 Address: fe80::1
IPv6 Address: fe80::bcd0:74ff:fe0c:9c5a
IPv4 Address: 192.168.1.138
IPv6 Address: fe80::14cc:3bff:feb4:eb5d
IPv6 Address: fe80::14cc:3bff:feb4:eb5d
IPv6 Address: fe80::8eaf:de0a:acec:af90
IPv6 Address: fe80::5e09:51d:8b8d:eed4
IPv6 Address: fe80::7fe7:e93b:d188:d2dc
IPv6 Address: fe80::ce81:b1c:bd2c:69e
IPv6 Address: fe80::7eb0:f2c3:727e:24f
IPv6 Address: fe80::10f6:8648:b438:1835
IPv6 Address: fe80::46c4:c1a7:216c:2ede
SIMP_PRODUCTION 
IPv6 Address: fe80::1
IPv6 Address: fe80::bcd0:74ff:fe0c:9c5a
IPv4 Address: 192.168.1.138
IPv6 Address: fe80::7cfd:8fff:fe85:d653
IPv6 Address: fe80::7cfd:8fff:fe85:d653
IPv6 Address: fe80::8eaf:de0a:acec:af90
IPv6 Address: fe80::5e09:51d:8b8d:eed4
IPv6 Address: fe80::7fe7:e93b:d188:d2dc
IPv6 Address: fe80::ce81:b1c:bd2c:69e
IPv6 Address: fe80::7eb0:f2c3:727e:24f
IPv6 Address: fe80::10f6:8648:b438:1835
IPv6 Address: fe80::46c4:c1a7:216c:2ede
SIMP_PRODUCTION 
IPv6 Address: fe80::1
IPv6 Address: fe80::bcd0:74ff:fe0c:9c5a
IPv4 Address: 192.168.1.138
IPv6 Address: fe80::4418:39ff:fe9e:e134
IPv6 Address: fe80::4418:39ff:fe9e:e134
IPv6 Address: fe80::8eaf:de0a:acec:af90
IPv6 Address: fe80::5e09:51d:8b8d:eed4
IPv6 Address: fe80::7fe7:e93b:d188:d2dc
IPv6 Address: fe80::ce81:b1c:bd2c:69e
IPv6 Address: fe80::7eb0:f2c3:727e:24f
IPv6 Address: fe80::10f6:8648:b438:1835
IPv6 Address: fe80::46c4:c1a7:216c:2ede
SIMP_PRODUCTION 
uploadList []
IPv6 Address: fe80::1
IPv6 Address: fe80::bcd0:74ff:fe0c:9c5a
IPv4 Address: 192.168.1.138
IPv6 Address: fe80::4418:39ff:fe9e:e134
IPv6 Address: fe80::4418:39ff:fe9e:e134
IPv6 Address: fe80::8eaf:de0a:acec:af90
IPv6 Address: fe80::5e09:51d:8b8d:eed4
IPv6 Address: fe80::7fe7:e93b:d188:d2dc
IPv6 Address: fe80::ce81:b1c:bd2c:69e
IPv6 Address: fe80::7eb0:f2c3:727e:24f
IPv6 Address: fe80::10f6:8648:b438:1835
IPv6 Address: fe80::46c4:c1a7:216c:2ede
SIMP_PRODUCTION 
ctx 47.98.174.10
uploadList []
IPv6 Address: fe80::1
IPv6 Address: fe80::bcd0:74ff:fe0c:9c5a
IPv4 Address: 192.168.1.138
IPv6 Address: fe80::4418:39ff:fe9e:e134
IPv6 Address: fe80::4418:39ff:fe9e:e134
IPv6 Address: fe80::8eaf:de0a:acec:af90
IPv6 Address: fe80::5e09:51d:8b8d:eed4
IPv6 Address: fe80::7fe7:e93b:d188:d2dc
IPv6 Address: fe80::ce81:b1c:bd2c:69e
IPv6 Address: fe80::7eb0:f2c3:727e:24f
IPv6 Address: fe80::10f6:8648:b438:1835
IPv6 Address: fe80::46c4:c1a7:216c:2ede
SIMP_PRODUCTION 
ctx 47.98.174.10
uploadList [{1 150.158.120.244 1  Centos7 1 }]
